The target system is: Generic -  - seL4CPU
The host system is: Linux - 5.10.70-1-MANJARO - x86_64
Compiling the C compiler identification source file "CMakeCCompilerId.c" succeeded.
Compiler: /usr/bin/gcc 
Build flags: 
Id flags:  

The output was:
0


Compilation of the C compiler identification source "CMakeCCompilerId.c" produced "a.out"

The C compiler identification is GNU, found in "/host/build/CMakeFiles/3.13.4/CompilerIdC/a.out"

Checking whether the ASM compiler is GNU using "--version" matched "(GNU assembler)|(GCC)|(Free Software Foundation)":
gcc (Debian 8.4.0-4) 8.4.0
Copyright (C) 2018 Free Software Foundation, Inc.
This is free software; see the source for copying conditions.  There is NO
warranty; not even for MERCHANTABILITY or FITNESS FOR A PARTICULAR PURPOSE.

Determining if the C compiler works passed with the following output:
Change Dir: /host/build/CMakeFiles/CMakeTmp

Run Build Command:"/usr/bin/ninja" "cmTC_bd614"
[1/2] Building C object CMakeFiles/cmTC_bd614.dir/testCCompiler.c.obj
[2/2] Linking C static library libcmTC_bd614.a


Detecting C compiler ABI info compiled with the following output:
Change Dir: /host/build/CMakeFiles/CMakeTmp

Run Build Command:"/usr/bin/ninja" "cmTC_603b0"
[1/2] Building C object CMakeFiles/cmTC_603b0.dir/CMakeCCompilerABI.c.obj
[2/2] Linking C static library libcmTC_603b0.a


Parsed C implicit link information from above output:
  link line regex: [^( *|.*[/\])(ld|CMAKE_LINK_STARTFILE-NOTFOUND|([^/\]+-)?ld|collect2)[^/\]*( |$)]
  ignore line: [Change Dir: /host/build/CMakeFiles/CMakeTmp]
  ignore line: []
  ignore line: [Run Build Command:"/usr/bin/ninja" "cmTC_603b0"]
  ignore line: [[1/2] Building C object CMakeFiles/cmTC_603b0.dir/CMakeCCompilerABI.c.obj]
  ignore line: [[2/2] Linking C static library libcmTC_603b0.a]
  ignore line: []
  implicit libs: []
  implicit dirs: []
  implicit fwks: []




Detecting C [-std=c11] compiler features compiled with the following output:
Change Dir: /host/build/CMakeFiles/CMakeTmp

Run Build Command:"/usr/bin/ninja" "cmTC_c1a35"
[1/2] Building C object CMakeFiles/cmTC_c1a35.dir/feature_tests.c.obj
[2/2] Linking C static library libcmTC_c1a35.a


    Feature record: C_FEATURE:1c_function_prototypes
    Feature record: C_FEATURE:1c_restrict
    Feature record: C_FEATURE:1c_static_assert
    Feature record: C_FEATURE:1c_variadic_macros


Detecting C [-std=c99] compiler features compiled with the following output:
Change Dir: /host/build/CMakeFiles/CMakeTmp

Run Build Command:"/usr/bin/ninja" "cmTC_53078"
[1/2] Building C object CMakeFiles/cmTC_53078.dir/feature_tests.c.obj
[2/2] Linking C static library libcmTC_53078.a


    Feature record: C_FEATURE:1c_function_prototypes
    Feature record: C_FEATURE:1c_restrict
    Feature record: C_FEATURE:0c_static_assert
    Feature record: C_FEATURE:1c_variadic_macros


Detecting C [-std=c90] compiler features compiled with the following output:
Change Dir: /host/build/CMakeFiles/CMakeTmp

Run Build Command:"/usr/bin/ninja" "cmTC_48d75"
[1/2] Building C object CMakeFiles/cmTC_48d75.dir/feature_tests.c.obj
[2/2] Linking C static library libcmTC_48d75.a


    Feature record: C_FEATURE:1c_function_prototypes
    Feature record: C_FEATURE:0c_restrict
    Feature record: C_FEATURE:0c_static_assert
    Feature record: C_FEATURE:0c_variadic_macros
