The target system is: Generic -  - seL4CPU
The host system is: Linux - 5.15.21-1-MANJARO - x86_64
Compiling the C compiler identification source file "CMakeCCompilerId.c" succeeded.
Compiler: /opt/riscv/bin/riscv64-unknown-linux-gnu-gcc 
Build flags: 
Id flags:  

The output was:
0


Compilation of the C compiler identification source "CMakeCCompilerId.c" produced "a.out"

The C compiler identification is GNU, found in "/host/build_3/CMakeFiles/3.18.4/CompilerIdC/a.out"

Detecting C compiler ABI info compiled with the following output:
Change Dir: /host/build_3/CMakeFiles/CMakeTmp

Run Build Command(s):/usr/bin/ninja cmTC_09fb1 && [1/2] Building C object CMakeFiles/cmTC_09fb1.dir/CMakeCCompilerABI.c.obj
Using built-in specs.
COLLECT_GCC=/opt/riscv/bin/riscv64-unknown-linux-gnu-gcc
Target: riscv64-unknown-linux-gnu
Configured with: /riscv-gnu-toolchain/riscv-gcc/configure --target=riscv64-unknown-linux-gnu --prefix=/opt/riscv --with-sysroot=/opt/riscv/sysroot --with-system-zlib --enable-shared --enable-tls --enable-languages=c,c++,fortran --disable-libmudflap --disable-libssp --disable-libquadmath --disable-libsanitizer --disable-nls --disable-bootstrap --src=.././riscv-gcc --enable-multilib --with-abi=lp64d --with-arch=rv64imafdc --with-tune=rocket 'CFLAGS_FOR_TARGET=-O2   -mcmodel=medlow' 'CXXFLAGS_FOR_TARGET=-O2   -mcmodel=medlow'
Thread model: posix
Supported LTO compression algorithms: zlib
gcc version 11.1.0 (GCC) 
COLLECT_GCC_OPTIONS='-fdiagnostics-color=always' '-v' '-c' '-o' 'CMakeFiles/cmTC_09fb1.dir/CMakeCCompilerABI.c.obj' '-mtune=rocket' '-march=rv64imafdc' '-mabi=lp64d' '-march=rv64imafdc' '-dumpdir' 'CMakeFiles/cmTC_09fb1.dir/'
 /opt/riscv/libexec/gcc/riscv64-unknown-linux-gnu/11.1.0/cc1 -quiet -v -isysroot /host/build_3/CMakeFiles/CMakeTmp /usr/share/cmake-3.18/Modules/CMakeCCompilerABI.c -quiet -dumpdir CMakeFiles/cmTC_09fb1.dir/ -dumpbase CMakeCCompilerABI.c.c -dumpbase-ext .c -mtune=rocket -march=rv64imafdc -mabi=lp64d -march=rv64imafdc -version -fdiagnostics-color=always -o /tmp/cciZeYuy.s
GNU C17 (GCC) version 11.1.0 (riscv64-unknown-linux-gnu)
	compiled by GNU C version 10.2.1 20210110, GMP version 6.2.1, MPFR version 4.1.0, MPC version 1.2.0, isl version none
GGC heuristics: --param ggc-min-expand=100 --param ggc-min-heapsize=131072
ignoring nonexistent directory "/host/build_3/CMakeFiles/CMakeTmp/usr/local/include"
ignoring nonexistent directory "/host/build_3/CMakeFiles/CMakeTmp/usr/include"
#include "..." search starts here:
#include <...> search starts here:
 /opt/riscv/lib/gcc/riscv64-unknown-linux-gnu/11.1.0/include
 /opt/riscv/lib/gcc/riscv64-unknown-linux-gnu/11.1.0/include-fixed
 /opt/riscv/lib/gcc/riscv64-unknown-linux-gnu/11.1.0/../../../../riscv64-unknown-linux-gnu/include
End of search list.
GNU C17 (GCC) version 11.1.0 (riscv64-unknown-linux-gnu)
	compiled by GNU C version 10.2.1 20210110, GMP version 6.2.1, MPFR version 4.1.0, MPC version 1.2.0, isl version none
GGC heuristics: --param ggc-min-expand=100 --param ggc-min-heapsize=131072
Compiler executable checksum: 036862c457d4b1e067ded17f181dfe9d
COLLECT_GCC_OPTIONS='-fdiagnostics-color=always' '-v' '-c' '-o' 'CMakeFiles/cmTC_09fb1.dir/CMakeCCompilerABI.c.obj' '-mtune=rocket' '-march=rv64imafdc' '-mabi=lp64d' '-march=rv64imafdc' '-dumpdir' 'CMakeFiles/cmTC_09fb1.dir/'
 /opt/riscv/lib/gcc/riscv64-unknown-linux-gnu/11.1.0/../../../../riscv64-unknown-linux-gnu/bin/as -v --traditional-format -march=rv64imafdc -march=rv64imafdc -mabi=lp64d -o CMakeFiles/cmTC_09fb1.dir/CMakeCCompilerABI.c.obj /tmp/cciZeYuy.s
GNU assembler version 2.37 (riscv64-unknown-linux-gnu) using BFD version (GNU Binutils) 2.37
COMPILER_PATH=/opt/riscv/libexec/gcc/riscv64-unknown-linux-gnu/11.1.0/:/opt/riscv/libexec/gcc/riscv64-unknown-linux-gnu/11.1.0/:/opt/riscv/libexec/gcc/riscv64-unknown-linux-gnu/:/opt/riscv/lib/gcc/riscv64-unknown-linux-gnu/11.1.0/:/opt/riscv/lib/gcc/riscv64-unknown-linux-gnu/:/opt/riscv/lib/gcc/riscv64-unknown-linux-gnu/11.1.0/../../../../riscv64-unknown-linux-gnu/bin/
LIBRARY_PATH=/opt/riscv/lib/gcc/riscv64-unknown-linux-gnu/11.1.0/:/opt/riscv/lib/gcc/riscv64-unknown-linux-gnu/11.1.0/../../../../riscv64-unknown-linux-gnu/lib/../lib64/lp64d/:/opt/riscv/lib/gcc/riscv64-unknown-linux-gnu/11.1.0/../../../../riscv64-unknown-linux-gnu/lib/
COLLECT_GCC_OPTIONS='-fdiagnostics-color=always' '-v' '-c' '-o' 'CMakeFiles/cmTC_09fb1.dir/CMakeCCompilerABI.c.obj' '-mtune=rocket' '-march=rv64imafdc' '-mabi=lp64d' '-march=rv64imafdc' '-dumpdir' 'CMakeFiles/cmTC_09fb1.dir/CMakeCCompilerABI.c.'
[2/2] Linking C static library libcmTC_09fb1.a



Parsed C implicit include dir info from above output: rv=done
  found start of include info
  found start of implicit include info
    add: [/opt/riscv/lib/gcc/riscv64-unknown-linux-gnu/11.1.0/include]
    add: [/opt/riscv/lib/gcc/riscv64-unknown-linux-gnu/11.1.0/include-fixed]
    add: [/opt/riscv/lib/gcc/riscv64-unknown-linux-gnu/11.1.0/../../../../riscv64-unknown-linux-gnu/include]
  end of search list found
  collapse include dir [/opt/riscv/lib/gcc/riscv64-unknown-linux-gnu/11.1.0/include] ==> [/opt/riscv/lib/gcc/riscv64-unknown-linux-gnu/11.1.0/include]
  collapse include dir [/opt/riscv/lib/gcc/riscv64-unknown-linux-gnu/11.1.0/include-fixed] ==> [/opt/riscv/lib/gcc/riscv64-unknown-linux-gnu/11.1.0/include-fixed]
  collapse include dir [/opt/riscv/lib/gcc/riscv64-unknown-linux-gnu/11.1.0/../../../../riscv64-unknown-linux-gnu/include] ==> [/opt/riscv/riscv64-unknown-linux-gnu/include]
  implicit include dirs: [/opt/riscv/lib/gcc/riscv64-unknown-linux-gnu/11.1.0/include;/opt/riscv/lib/gcc/riscv64-unknown-linux-gnu/11.1.0/include-fixed;/opt/riscv/riscv64-unknown-linux-gnu/include]


Parsed C implicit link information from above output:
  link line regex: [^( *|.*[/\])(riscv64-unknown-linux-gnu-ld|CMAKE_LINK_STARTFILE-NOTFOUND|([^/\]+-)?ld|collect2)[^/\]*( |$)]
  ignore line: [Change Dir: /host/build_3/CMakeFiles/CMakeTmp]
  ignore line: []
  ignore line: [Run Build Command(s):/usr/bin/ninja cmTC_09fb1 && [1/2] Building C object CMakeFiles/cmTC_09fb1.dir/CMakeCCompilerABI.c.obj]
  ignore line: [Using built-in specs.]
  ignore line: [COLLECT_GCC=/opt/riscv/bin/riscv64-unknown-linux-gnu-gcc]
  ignore line: [Target: riscv64-unknown-linux-gnu]
  ignore line: [Configured with: /riscv-gnu-toolchain/riscv-gcc/configure --target=riscv64-unknown-linux-gnu --prefix=/opt/riscv --with-sysroot=/opt/riscv/sysroot --with-system-zlib --enable-shared --enable-tls --enable-languages=c c++ fortran --disable-libmudflap --disable-libssp --disable-libquadmath --disable-libsanitizer --disable-nls --disable-bootstrap --src=.././riscv-gcc --enable-multilib --with-abi=lp64d --with-arch=rv64imafdc --with-tune=rocket 'CFLAGS_FOR_TARGET=-O2   -mcmodel=medlow' 'CXXFLAGS_FOR_TARGET=-O2   -mcmodel=medlow']
  ignore line: [Thread model: posix]
  ignore line: [Supported LTO compression algorithms: zlib]
  ignore line: [gcc version 11.1.0 (GCC) ]
  ignore line: [COLLECT_GCC_OPTIONS='-fdiagnostics-color=always' '-v' '-c' '-o' 'CMakeFiles/cmTC_09fb1.dir/CMakeCCompilerABI.c.obj' '-mtune=rocket' '-march=rv64imafdc' '-mabi=lp64d' '-march=rv64imafdc' '-dumpdir' 'CMakeFiles/cmTC_09fb1.dir/']
  ignore line: [ /opt/riscv/libexec/gcc/riscv64-unknown-linux-gnu/11.1.0/cc1 -quiet -v -isysroot /host/build_3/CMakeFiles/CMakeTmp /usr/share/cmake-3.18/Modules/CMakeCCompilerABI.c -quiet -dumpdir CMakeFiles/cmTC_09fb1.dir/ -dumpbase CMakeCCompilerABI.c.c -dumpbase-ext .c -mtune=rocket -march=rv64imafdc -mabi=lp64d -march=rv64imafdc -version -fdiagnostics-color=always -o /tmp/cciZeYuy.s]
  ignore line: [GNU C17 (GCC) version 11.1.0 (riscv64-unknown-linux-gnu)]
  ignore line: [	compiled by GNU C version 10.2.1 20210110  GMP version 6.2.1  MPFR version 4.1.0  MPC version 1.2.0  isl version none]
  ignore line: [GGC heuristics: --param ggc-min-expand=100 --param ggc-min-heapsize=131072]
  ignore line: [ignoring nonexistent directory "/host/build_3/CMakeFiles/CMakeTmp/usr/local/include"]
  ignore line: [ignoring nonexistent directory "/host/build_3/CMakeFiles/CMakeTmp/usr/include"]
  ignore line: [#include "..." search starts here:]
  ignore line: [#include <...> search starts here:]
  ignore line: [ /opt/riscv/lib/gcc/riscv64-unknown-linux-gnu/11.1.0/include]
  ignore line: [ /opt/riscv/lib/gcc/riscv64-unknown-linux-gnu/11.1.0/include-fixed]
  ignore line: [ /opt/riscv/lib/gcc/riscv64-unknown-linux-gnu/11.1.0/../../../../riscv64-unknown-linux-gnu/include]
  ignore line: [End of search list.]
  ignore line: [GNU C17 (GCC) version 11.1.0 (riscv64-unknown-linux-gnu)]
  ignore line: [	compiled by GNU C version 10.2.1 20210110  GMP version 6.2.1  MPFR version 4.1.0  MPC version 1.2.0  isl version none]
  ignore line: [GGC heuristics: --param ggc-min-expand=100 --param ggc-min-heapsize=131072]
  ignore line: [Compiler executable checksum: 036862c457d4b1e067ded17f181dfe9d]
  ignore line: [COLLECT_GCC_OPTIONS='-fdiagnostics-color=always' '-v' '-c' '-o' 'CMakeFiles/cmTC_09fb1.dir/CMakeCCompilerABI.c.obj' '-mtune=rocket' '-march=rv64imafdc' '-mabi=lp64d' '-march=rv64imafdc' '-dumpdir' 'CMakeFiles/cmTC_09fb1.dir/']
  ignore line: [ /opt/riscv/lib/gcc/riscv64-unknown-linux-gnu/11.1.0/../../../../riscv64-unknown-linux-gnu/bin/as -v --traditional-format -march=rv64imafdc -march=rv64imafdc -mabi=lp64d -o CMakeFiles/cmTC_09fb1.dir/CMakeCCompilerABI.c.obj /tmp/cciZeYuy.s]
  ignore line: [GNU assembler version 2.37 (riscv64-unknown-linux-gnu) using BFD version (GNU Binutils) 2.37]
  ignore line: [COMPILER_PATH=/opt/riscv/libexec/gcc/riscv64-unknown-linux-gnu/11.1.0/:/opt/riscv/libexec/gcc/riscv64-unknown-linux-gnu/11.1.0/:/opt/riscv/libexec/gcc/riscv64-unknown-linux-gnu/:/opt/riscv/lib/gcc/riscv64-unknown-linux-gnu/11.1.0/:/opt/riscv/lib/gcc/riscv64-unknown-linux-gnu/:/opt/riscv/lib/gcc/riscv64-unknown-linux-gnu/11.1.0/../../../../riscv64-unknown-linux-gnu/bin/]
  ignore line: [LIBRARY_PATH=/opt/riscv/lib/gcc/riscv64-unknown-linux-gnu/11.1.0/:/opt/riscv/lib/gcc/riscv64-unknown-linux-gnu/11.1.0/../../../../riscv64-unknown-linux-gnu/lib/../lib64/lp64d/:/opt/riscv/lib/gcc/riscv64-unknown-linux-gnu/11.1.0/../../../../riscv64-unknown-linux-gnu/lib/]
  ignore line: [COLLECT_GCC_OPTIONS='-fdiagnostics-color=always' '-v' '-c' '-o' 'CMakeFiles/cmTC_09fb1.dir/CMakeCCompilerABI.c.obj' '-mtune=rocket' '-march=rv64imafdc' '-mabi=lp64d' '-march=rv64imafdc' '-dumpdir' 'CMakeFiles/cmTC_09fb1.dir/CMakeCCompilerABI.c.']
  ignore line: [[2/2] Linking C static library libcmTC_09fb1.a]
  ignore line: []
  ignore line: []
  implicit libs: []
  implicit dirs: []
  implicit fwks: []


Compiling the CXX compiler identification source file "CMakeCXXCompilerId.cpp" succeeded.
Compiler: /opt/riscv/bin/riscv64-unknown-linux-gnu-g++ 
Build flags: 
Id flags:  

The output was:
0


Compilation of the CXX compiler identification source "CMakeCXXCompilerId.cpp" produced "a.out"

The CXX compiler identification is GNU, found in "/host/build_3/CMakeFiles/3.18.4/CompilerIdCXX/a.out"

Detecting CXX compiler ABI info compiled with the following output:
Change Dir: /host/build_3/CMakeFiles/CMakeTmp

Run Build Command(s):/usr/bin/ninja cmTC_ff2a5 && [1/2] Building CXX object CMakeFiles/cmTC_ff2a5.dir/CMakeCXXCompilerABI.cpp.obj
Using built-in specs.
COLLECT_GCC=/opt/riscv/bin/riscv64-unknown-linux-gnu-g++
Target: riscv64-unknown-linux-gnu
Configured with: /riscv-gnu-toolchain/riscv-gcc/configure --target=riscv64-unknown-linux-gnu --prefix=/opt/riscv --with-sysroot=/opt/riscv/sysroot --with-system-zlib --enable-shared --enable-tls --enable-languages=c,c++,fortran --disable-libmudflap --disable-libssp --disable-libquadmath --disable-libsanitizer --disable-nls --disable-bootstrap --src=.././riscv-gcc --enable-multilib --with-abi=lp64d --with-arch=rv64imafdc --with-tune=rocket 'CFLAGS_FOR_TARGET=-O2   -mcmodel=medlow' 'CXXFLAGS_FOR_TARGET=-O2   -mcmodel=medlow'
Thread model: posix
Supported LTO compression algorithms: zlib
gcc version 11.1.0 (GCC) 
COLLECT_GCC_OPTIONS='-fdiagnostics-color=always' '-v' '-c' '-o' 'CMakeFiles/cmTC_ff2a5.dir/CMakeCXXCompilerABI.cpp.obj' '-shared-libgcc' '-mtune=rocket' '-march=rv64imafdc' '-mabi=lp64d' '-march=rv64imafdc' '-dumpdir' 'CMakeFiles/cmTC_ff2a5.dir/'
 /opt/riscv/libexec/gcc/riscv64-unknown-linux-gnu/11.1.0/cc1plus -quiet -v -isysroot /host/build_3/CMakeFiles/CMakeTmp -D_GNU_SOURCE /usr/share/cmake-3.18/Modules/CMakeCXXCompilerABI.cpp -quiet -dumpdir CMakeFiles/cmTC_ff2a5.dir/ -dumpbase CMakeCXXCompilerABI.cpp.cpp -dumpbase-ext .cpp -mtune=rocket -march=rv64imafdc -mabi=lp64d -march=rv64imafdc -version -fdiagnostics-color=always -o /tmp/ccZ10C7b.s
GNU C++17 (GCC) version 11.1.0 (riscv64-unknown-linux-gnu)
	compiled by GNU C version 10.2.1 20210110, GMP version 6.2.1, MPFR version 4.1.0, MPC version 1.2.0, isl version none
GGC heuristics: --param ggc-min-expand=100 --param ggc-min-heapsize=131072
ignoring nonexistent directory "/host/build_3/CMakeFiles/CMakeTmp/usr/local/include"
ignoring nonexistent directory "/host/build_3/CMakeFiles/CMakeTmp/usr/include"
#include "..." search starts here:
#include <...> search starts here:
 /opt/riscv/lib/gcc/riscv64-unknown-linux-gnu/11.1.0/../../../../riscv64-unknown-linux-gnu/include/c++/11.1.0
 /opt/riscv/lib/gcc/riscv64-unknown-linux-gnu/11.1.0/../../../../riscv64-unknown-linux-gnu/include/c++/11.1.0/riscv64-unknown-linux-gnu
 /opt/riscv/lib/gcc/riscv64-unknown-linux-gnu/11.1.0/../../../../riscv64-unknown-linux-gnu/include/c++/11.1.0/backward
 /opt/riscv/lib/gcc/riscv64-unknown-linux-gnu/11.1.0/include
 /opt/riscv/lib/gcc/riscv64-unknown-linux-gnu/11.1.0/include-fixed
 /opt/riscv/lib/gcc/riscv64-unknown-linux-gnu/11.1.0/../../../../riscv64-unknown-linux-gnu/include
End of search list.
GNU C++17 (GCC) version 11.1.0 (riscv64-unknown-linux-gnu)
	compiled by GNU C version 10.2.1 20210110, GMP version 6.2.1, MPFR version 4.1.0, MPC version 1.2.0, isl version none
GGC heuristics: --param ggc-min-expand=100 --param ggc-min-heapsize=131072
Compiler executable checksum: 48311d5474ce917f99a892b99446fbef
COLLECT_GCC_OPTIONS='-fdiagnostics-color=always' '-v' '-c' '-o' 'CMakeFiles/cmTC_ff2a5.dir/CMakeCXXCompilerABI.cpp.obj' '-shared-libgcc' '-mtune=rocket' '-march=rv64imafdc' '-mabi=lp64d' '-march=rv64imafdc' '-dumpdir' 'CMakeFiles/cmTC_ff2a5.dir/'
 /opt/riscv/lib/gcc/riscv64-unknown-linux-gnu/11.1.0/../../../../riscv64-unknown-linux-gnu/bin/as -v --traditional-format -march=rv64imafdc -march=rv64imafdc -mabi=lp64d -o CMakeFiles/cmTC_ff2a5.dir/CMakeCXXCompilerABI.cpp.obj /tmp/ccZ10C7b.s
GNU assembler version 2.37 (riscv64-unknown-linux-gnu) using BFD version (GNU Binutils) 2.37
COMPILER_PATH=/opt/riscv/libexec/gcc/riscv64-unknown-linux-gnu/11.1.0/:/opt/riscv/libexec/gcc/riscv64-unknown-linux-gnu/11.1.0/:/opt/riscv/libexec/gcc/riscv64-unknown-linux-gnu/:/opt/riscv/lib/gcc/riscv64-unknown-linux-gnu/11.1.0/:/opt/riscv/lib/gcc/riscv64-unknown-linux-gnu/:/opt/riscv/lib/gcc/riscv64-unknown-linux-gnu/11.1.0/../../../../riscv64-unknown-linux-gnu/bin/
LIBRARY_PATH=/opt/riscv/lib/gcc/riscv64-unknown-linux-gnu/11.1.0/:/opt/riscv/lib/gcc/riscv64-unknown-linux-gnu/11.1.0/../../../../riscv64-unknown-linux-gnu/lib/../lib64/lp64d/:/opt/riscv/lib/gcc/riscv64-unknown-linux-gnu/11.1.0/../../../../riscv64-unknown-linux-gnu/lib/
COLLECT_GCC_OPTIONS='-fdiagnostics-color=always' '-v' '-c' '-o' 'CMakeFiles/cmTC_ff2a5.dir/CMakeCXXCompilerABI.cpp.obj' '-shared-libgcc' '-mtune=rocket' '-march=rv64imafdc' '-mabi=lp64d' '-march=rv64imafdc' '-dumpdir' 'CMakeFiles/cmTC_ff2a5.dir/CMakeCXXCompilerABI.cpp.'
[2/2] Linking CXX static library libcmTC_ff2a5.a



Parsed CXX implicit include dir info from above output: rv=done
  found start of include info
  found start of implicit include info
    add: [/opt/riscv/lib/gcc/riscv64-unknown-linux-gnu/11.1.0/../../../../riscv64-unknown-linux-gnu/include/c++/11.1.0]
    add: [/opt/riscv/lib/gcc/riscv64-unknown-linux-gnu/11.1.0/../../../../riscv64-unknown-linux-gnu/include/c++/11.1.0/riscv64-unknown-linux-gnu]
    add: [/opt/riscv/lib/gcc/riscv64-unknown-linux-gnu/11.1.0/../../../../riscv64-unknown-linux-gnu/include/c++/11.1.0/backward]
    add: [/opt/riscv/lib/gcc/riscv64-unknown-linux-gnu/11.1.0/include]
    add: [/opt/riscv/lib/gcc/riscv64-unknown-linux-gnu/11.1.0/include-fixed]
    add: [/opt/riscv/lib/gcc/riscv64-unknown-linux-gnu/11.1.0/../../../../riscv64-unknown-linux-gnu/include]
  end of search list found
  collapse include dir [/opt/riscv/lib/gcc/riscv64-unknown-linux-gnu/11.1.0/../../../../riscv64-unknown-linux-gnu/include/c++/11.1.0] ==> [/opt/riscv/riscv64-unknown-linux-gnu/include/c++/11.1.0]
  collapse include dir [/opt/riscv/lib/gcc/riscv64-unknown-linux-gnu/11.1.0/../../../../riscv64-unknown-linux-gnu/include/c++/11.1.0/riscv64-unknown-linux-gnu] ==> [/opt/riscv/riscv64-unknown-linux-gnu/include/c++/11.1.0/riscv64-unknown-linux-gnu]
  collapse include dir [/opt/riscv/lib/gcc/riscv64-unknown-linux-gnu/11.1.0/../../../../riscv64-unknown-linux-gnu/include/c++/11.1.0/backward] ==> [/opt/riscv/riscv64-unknown-linux-gnu/include/c++/11.1.0/backward]
  collapse include dir [/opt/riscv/lib/gcc/riscv64-unknown-linux-gnu/11.1.0/include] ==> [/opt/riscv/lib/gcc/riscv64-unknown-linux-gnu/11.1.0/include]
  collapse include dir [/opt/riscv/lib/gcc/riscv64-unknown-linux-gnu/11.1.0/include-fixed] ==> [/opt/riscv/lib/gcc/riscv64-unknown-linux-gnu/11.1.0/include-fixed]
  collapse include dir [/opt/riscv/lib/gcc/riscv64-unknown-linux-gnu/11.1.0/../../../../riscv64-unknown-linux-gnu/include] ==> [/opt/riscv/riscv64-unknown-linux-gnu/include]
  implicit include dirs: [/opt/riscv/riscv64-unknown-linux-gnu/include/c++/11.1.0;/opt/riscv/riscv64-unknown-linux-gnu/include/c++/11.1.0/riscv64-unknown-linux-gnu;/opt/riscv/riscv64-unknown-linux-gnu/include/c++/11.1.0/backward;/opt/riscv/lib/gcc/riscv64-unknown-linux-gnu/11.1.0/include;/opt/riscv/lib/gcc/riscv64-unknown-linux-gnu/11.1.0/include-fixed;/opt/riscv/riscv64-unknown-linux-gnu/include]


Parsed CXX implicit link information from above output:
  link line regex: [^( *|.*[/\])(riscv64-unknown-linux-gnu-ld|CMAKE_LINK_STARTFILE-NOTFOUND|([^/\]+-)?ld|collect2)[^/\]*( |$)]
  ignore line: [Change Dir: /host/build_3/CMakeFiles/CMakeTmp]
  ignore line: []
  ignore line: [Run Build Command(s):/usr/bin/ninja cmTC_ff2a5 && [1/2] Building CXX object CMakeFiles/cmTC_ff2a5.dir/CMakeCXXCompilerABI.cpp.obj]
  ignore line: [Using built-in specs.]
  ignore line: [COLLECT_GCC=/opt/riscv/bin/riscv64-unknown-linux-gnu-g++]
  ignore line: [Target: riscv64-unknown-linux-gnu]
  ignore line: [Configured with: /riscv-gnu-toolchain/riscv-gcc/configure --target=riscv64-unknown-linux-gnu --prefix=/opt/riscv --with-sysroot=/opt/riscv/sysroot --with-system-zlib --enable-shared --enable-tls --enable-languages=c c++ fortran --disable-libmudflap --disable-libssp --disable-libquadmath --disable-libsanitizer --disable-nls --disable-bootstrap --src=.././riscv-gcc --enable-multilib --with-abi=lp64d --with-arch=rv64imafdc --with-tune=rocket 'CFLAGS_FOR_TARGET=-O2   -mcmodel=medlow' 'CXXFLAGS_FOR_TARGET=-O2   -mcmodel=medlow']
  ignore line: [Thread model: posix]
  ignore line: [Supported LTO compression algorithms: zlib]
  ignore line: [gcc version 11.1.0 (GCC) ]
  ignore line: [COLLECT_GCC_OPTIONS='-fdiagnostics-color=always' '-v' '-c' '-o' 'CMakeFiles/cmTC_ff2a5.dir/CMakeCXXCompilerABI.cpp.obj' '-shared-libgcc' '-mtune=rocket' '-march=rv64imafdc' '-mabi=lp64d' '-march=rv64imafdc' '-dumpdir' 'CMakeFiles/cmTC_ff2a5.dir/']
  ignore line: [ /opt/riscv/libexec/gcc/riscv64-unknown-linux-gnu/11.1.0/cc1plus -quiet -v -isysroot /host/build_3/CMakeFiles/CMakeTmp -D_GNU_SOURCE /usr/share/cmake-3.18/Modules/CMakeCXXCompilerABI.cpp -quiet -dumpdir CMakeFiles/cmTC_ff2a5.dir/ -dumpbase CMakeCXXCompilerABI.cpp.cpp -dumpbase-ext .cpp -mtune=rocket -march=rv64imafdc -mabi=lp64d -march=rv64imafdc -version -fdiagnostics-color=always -o /tmp/ccZ10C7b.s]
  ignore line: [GNU C++17 (GCC) version 11.1.0 (riscv64-unknown-linux-gnu)]
  ignore line: [	compiled by GNU C version 10.2.1 20210110  GMP version 6.2.1  MPFR version 4.1.0  MPC version 1.2.0  isl version none]
  ignore line: [GGC heuristics: --param ggc-min-expand=100 --param ggc-min-heapsize=131072]
  ignore line: [ignoring nonexistent directory "/host/build_3/CMakeFiles/CMakeTmp/usr/local/include"]
  ignore line: [ignoring nonexistent directory "/host/build_3/CMakeFiles/CMakeTmp/usr/include"]
  ignore line: [#include "..." search starts here:]
  ignore line: [#include <...> search starts here:]
  ignore line: [ /opt/riscv/lib/gcc/riscv64-unknown-linux-gnu/11.1.0/../../../../riscv64-unknown-linux-gnu/include/c++/11.1.0]
  ignore line: [ /opt/riscv/lib/gcc/riscv64-unknown-linux-gnu/11.1.0/../../../../riscv64-unknown-linux-gnu/include/c++/11.1.0/riscv64-unknown-linux-gnu]
  ignore line: [ /opt/riscv/lib/gcc/riscv64-unknown-linux-gnu/11.1.0/../../../../riscv64-unknown-linux-gnu/include/c++/11.1.0/backward]
  ignore line: [ /opt/riscv/lib/gcc/riscv64-unknown-linux-gnu/11.1.0/include]
  ignore line: [ /opt/riscv/lib/gcc/riscv64-unknown-linux-gnu/11.1.0/include-fixed]
  ignore line: [ /opt/riscv/lib/gcc/riscv64-unknown-linux-gnu/11.1.0/../../../../riscv64-unknown-linux-gnu/include]
  ignore line: [End of search list.]
  ignore line: [GNU C++17 (GCC) version 11.1.0 (riscv64-unknown-linux-gnu)]
  ignore line: [	compiled by GNU C version 10.2.1 20210110  GMP version 6.2.1  MPFR version 4.1.0  MPC version 1.2.0  isl version none]
  ignore line: [GGC heuristics: --param ggc-min-expand=100 --param ggc-min-heapsize=131072]
  ignore line: [Compiler executable checksum: 48311d5474ce917f99a892b99446fbef]
  ignore line: [COLLECT_GCC_OPTIONS='-fdiagnostics-color=always' '-v' '-c' '-o' 'CMakeFiles/cmTC_ff2a5.dir/CMakeCXXCompilerABI.cpp.obj' '-shared-libgcc' '-mtune=rocket' '-march=rv64imafdc' '-mabi=lp64d' '-march=rv64imafdc' '-dumpdir' 'CMakeFiles/cmTC_ff2a5.dir/']
  ignore line: [ /opt/riscv/lib/gcc/riscv64-unknown-linux-gnu/11.1.0/../../../../riscv64-unknown-linux-gnu/bin/as -v --traditional-format -march=rv64imafdc -march=rv64imafdc -mabi=lp64d -o CMakeFiles/cmTC_ff2a5.dir/CMakeCXXCompilerABI.cpp.obj /tmp/ccZ10C7b.s]
  ignore line: [GNU assembler version 2.37 (riscv64-unknown-linux-gnu) using BFD version (GNU Binutils) 2.37]
  ignore line: [COMPILER_PATH=/opt/riscv/libexec/gcc/riscv64-unknown-linux-gnu/11.1.0/:/opt/riscv/libexec/gcc/riscv64-unknown-linux-gnu/11.1.0/:/opt/riscv/libexec/gcc/riscv64-unknown-linux-gnu/:/opt/riscv/lib/gcc/riscv64-unknown-linux-gnu/11.1.0/:/opt/riscv/lib/gcc/riscv64-unknown-linux-gnu/:/opt/riscv/lib/gcc/riscv64-unknown-linux-gnu/11.1.0/../../../../riscv64-unknown-linux-gnu/bin/]
  ignore line: [LIBRARY_PATH=/opt/riscv/lib/gcc/riscv64-unknown-linux-gnu/11.1.0/:/opt/riscv/lib/gcc/riscv64-unknown-linux-gnu/11.1.0/../../../../riscv64-unknown-linux-gnu/lib/../lib64/lp64d/:/opt/riscv/lib/gcc/riscv64-unknown-linux-gnu/11.1.0/../../../../riscv64-unknown-linux-gnu/lib/]
  ignore line: [COLLECT_GCC_OPTIONS='-fdiagnostics-color=always' '-v' '-c' '-o' 'CMakeFiles/cmTC_ff2a5.dir/CMakeCXXCompilerABI.cpp.obj' '-shared-libgcc' '-mtune=rocket' '-march=rv64imafdc' '-mabi=lp64d' '-march=rv64imafdc' '-dumpdir' 'CMakeFiles/cmTC_ff2a5.dir/CMakeCXXCompilerABI.cpp.']
  ignore line: [[2/2] Linking CXX static library libcmTC_ff2a5.a]
  ignore line: []
  ignore line: []
  implicit libs: []
  implicit dirs: []
  implicit fwks: []


Checking whether the ASM compiler is GNU using "--version" matched "(GNU assembler)|(GCC)|(Free Software Foundation)":
riscv64-unknown-linux-gnu-gcc (GCC) 11.1.0
Copyright (C) 2021 Free Software Foundation, Inc.
This is free software; see the source for copying conditions.  There is NO
warranty; not even for MERCHANTABILITY or FITNESS FOR A PARTICULAR PURPOSE.

Performing C SOURCE FILE Test compiler_arch_test succeeded with the following output:
Change Dir: /host/build_3/CMakeFiles/CMakeTmp

Run Build Command(s):/usr/bin/ninja cmTC_64682 && [1/2] Building C object CMakeFiles/cmTC_64682.dir/src.c.obj
[2/2] Linking C static library libcmTC_64682.a


Source file was:

#if __riscv_xlen == 64
    int main() {return 0;}
#else
#error Invalid arch
#endif
    
